<?xml version="1.0" encoding="UTF-8"?>
<testng-results skipped="0" failed="0" ignored="0" total="1" passed="1">
  <reporter-output>
  </reporter-output>
  <suite name="Suite" duration-ms="3482" started-at="2017-01-01T17:41:44Z" finished-at="2017-01-01T17:41:48Z">
    <groups>
    </groups>
    <test name="FMGTest" duration-ms="3482" started-at="2017-01-01T17:41:44Z" finished-at="2017-01-01T17:41:48Z">
      <class name="com.rummycircle.com.tests.FMGTest">
        <test-method status="PASS" signature="createConnection(java.lang.String)[pri:0, instance:com.rummycircle.com.tests.FMGTest@29774679]" name="createConnection" is-config="true" duration-ms="3064" started-at="2017-01-01T23:11:44Z" finished-at="2017-01-01T23:11:47Z">
          <params>
            <param index="0">
              <value>
                <![CDATA[ws://10.14.21.178:8442]]>
              </value>
            </param>
          </params>
          <reporter-output>
          </reporter-output>
        </test-method> <!-- createConnection -->
        <test-method status="PASS" signature="fmgTest(java.lang.String, java.lang.String, java.lang.String, java.lang.String, java.lang.String, java.lang.String, java.lang.String, java.lang.String, java.lang.String, java.lang.String, java.lang.String, java.lang.String, java.lang.String, java.lang.String, java.lang.String, java.lang.String, java.lang.String)[pri:0, instance:com.rummycircle.com.tests.FMGTest@29774679]" name="fmgTest" duration-ms="380" started-at="2017-01-01T23:11:47Z" finished-at="2017-01-01T23:11:48Z">
          <params>
            <param index="0">
              <value>
                <![CDATA[0]]>
              </value>
            </param>
            <param index="1">
              <value>
                <![CDATA[301259]]>
              </value>
            </param>
            <param index="2">
              <value>
                <![CDATA[0]]>
              </value>
            </param>
            <param index="3">
              <value>
                <![CDATA[0]]>
              </value>
            </param>
            <param index="4">
              <value>
                <![CDATA[1]]>
              </value>
            </param>
            <param index="5">
              <value>
                <![CDATA[100]]>
              </value>
            </param>
            <param index="6">
              <value>
                <![CDATA[2]]>
              </value>
            </param>
            <param index="7">
              <value>
                <![CDATA[10]]>
              </value>
            </param>
            <param index="8">
              <value>
                <![CDATA[4000]]>
              </value>
            </param>
            <param index="9">
              <value>
                <![CDATA[1]]>
              </value>
            </param>
            <param index="10">
              <value>
                <![CDATA[192.168.110.108]]>
              </value>
            </param>
            <param index="11">
              <value>
                <![CDATA[0]]>
              </value>
            </param>
            <param index="12">
              <value>
                <![CDATA[false]]>
              </value>
            </param>
            <param index="13">
              <value>
                <![CDATA[true]]>
              </value>
            </param>
            <param index="14">
              <value>
                <![CDATA[false]]>
              </value>
            </param>
            <param index="15">
              <value>
                <![CDATA[SSID0482dba5-6a96-4848-a55b-93820e11774f]]>
              </value>
            </param>
            <param index="16">
              <value>
                <![CDATA[TE]]>
              </value>
            </param>
          </params>
          <reporter-output>
          </reporter-output>
        </test-method> <!-- fmgTest -->
      </class> <!-- com.rummycircle.com.tests.FMGTest -->
    </test> <!-- FMGTest -->
  </suite> <!-- Suite -->
</testng-results>
