<?xml version="1.0" encoding="UTF-8"?>
<!-- Generated by org.testng.reporters.JUnitXMLReporter -->
<testsuite hostname="Varun" ignored="0" name="CopyOfFMGTest" tests="5" failures="4" timestamp="28 Dec 2016 14:49:33 GMT" time="3.622" errors="0">
  <testcase name="fmgTest" time="0.464" classname="com.rummycircle.com.tests.CopyOfFMGTest">
    <failure type="java.lang.NullPointerException">
      <![CDATA[java.lang.NullPointerException
	at com.rummycircle.wsclient.CopyOfActionClass.sendFMGRequest(CopyOfActionClass.java:97)
	at com.rummycircle.com.tests.CopyOfFMGTest.fmgTest(CopyOfFMGTest.java:46)
	at com.rummycircle.com.tests.TestSuiteExecutor.main(TestSuiteExecutor.java:19)
... Removed 22 stack frames]]>
    </failure>
  </testcase> <!-- fmgTest -->
  <testcase name="setUpTest" time="0.023" classname="com.rummycircle.com.tests.CopyOfFMGTest">
    <failure type="java.lang.NullPointerException">
      <![CDATA[java.lang.NullPointerException
	at com.rummycircle.wsclient.CopyOfActionClass.setupRequest(CopyOfActionClass.java:123)
	at com.rummycircle.com.tests.CopyOfFMGTest.setUpTest(CopyOfFMGTest.java:63)
	at com.rummycircle.com.tests.TestSuiteExecutor.main(TestSuiteExecutor.java:19)
... Removed 22 stack frames]]>
    </failure>
  </testcase> <!-- setUpTest -->
  <testcase name="readyTest" time="0.01" classname="com.rummycircle.com.tests.CopyOfFMGTest">
    <failure type="java.lang.NullPointerException">
      <![CDATA[java.lang.NullPointerException
	at com.rummycircle.wsclient.CopyOfActionClass.readyRequest(CopyOfActionClass.java:148)
	at com.rummycircle.com.tests.CopyOfFMGTest.readyTest(CopyOfFMGTest.java:68)
	at com.rummycircle.com.tests.TestSuiteExecutor.main(TestSuiteExecutor.java:19)
... Removed 22 stack frames]]>
    </failure>
  </testcase> <!-- readyTest -->
  <testcase name="heartBeatTest" time="0.0" classname="com.rummycircle.com.tests.CopyOfFMGTest"/>
  <testcase name="leaveTableTest" time="0.015" classname="com.rummycircle.com.tests.CopyOfFMGTest">
    <failure type="java.lang.NullPointerException">
      <![CDATA[java.lang.NullPointerException
	at com.rummycircle.wsclient.CopyOfActionClass.leaveTableRequest(CopyOfActionClass.java:196)
	at com.rummycircle.com.tests.CopyOfFMGTest.leaveTableTest(CopyOfFMGTest.java:78)
	at com.rummycircle.com.tests.TestSuiteExecutor.main(TestSuiteExecutor.java:19)
... Removed 22 stack frames]]>
    </failure>
  </testcase> <!-- leaveTableTest -->
</testsuite> <!-- CopyOfFMGTest -->
