<?xml version="1.0" encoding="UTF-8"?>
<!-- Generated by org.testng.reporters.JUnitXMLReporter -->
<testsuite hostname="Varun" ignored="0" name="Default test" tests="5" failures="0" timestamp="27 Dec 2016 13:01:18 GMT" time="6.907" errors="0">
  <testcase name="fmgTest" time="1.517" classname="com.rummycircle.com.tests.CopyOfFMGTest"/>
  <testcase name="setUpTest" time="0.513" classname="com.rummycircle.com.tests.CopyOfFMGTest"/>
  <testcase name="readyTest" time="1.013" classname="com.rummycircle.com.tests.CopyOfFMGTest"/>
  <testcase name="heartBeatTest" time="0.509" classname="com.rummycircle.com.tests.CopyOfFMGTest"/>
  <testcase name="leaveTableTest" time="0.511" classname="com.rummycircle.com.tests.CopyOfFMGTest"/>
</testsuite> <!-- Default test -->
