<?xml version="1.0" encoding="UTF-8"?>
<!-- Generated by org.testng.reporters.JUnitXMLReporter -->
<testsuite hostname="Varun" ignored="0" name="PlayGameTest" tests="1" failures="1" timestamp="26 Dec 2016 08:08:08 GMT" time="2.824" errors="0">
  <testcase name="fmgTest" time="0.009" classname="com.rummycircle.com.tests.FMGTest">
    <failure type="java.lang.NumberFormatException" message="For input string: &amp;quot;receiverID&amp;quot;">
      <![CDATA[java.lang.NumberFormatException: For input string: "receiverID"
	at java.lang.NumberFormatException.forInputString(Unknown Source)
	at java.lang.Long.parseLong(Unknown Source)
	at java.lang.Long.parseLong(Unknown Source)
	at com.rummycircle.com.tests.FMGTest.fmgTest(FMGTest.java:47)
	at java.util.concurrent.Executors$RunnableAdapter.call(Unknown Source)
	at java.util.concurrent.FutureTask.run(Unknown Source)
	at java.util.concurrent.ThreadPoolExecutor.runWorker(Unknown Source)
	at java.util.concurrent.ThreadPoolExecutor$Worker.run(Unknown Source)
	at java.lang.Thread.run(Unknown Source)
... Removed 7 stack frames]]>
    </failure>
  </testcase> <!-- fmgTest -->
</testsuite> <!-- PlayGameTest -->
